c:\users\daniela\documents\proyecto final\bin\computer graphics\intermediates\scene_nieve.nativecodeanalysis.xml
c:\users\daniela\documents\proyecto final\bin\computer graphics\intermediates\scene_fuego.nativecodeanalysis.xml
c:\users\daniela\documents\proyecto final\bin\computer graphics\intermediates\particula.nativecodeanalysis.xml
c:\users\daniela\documents\proyecto final\bin\computer graphics\intermediates\quad.nativecodeanalysis.xml
c:\users\daniela\documents\proyecto final\bin\computer graphics\intermediates\scene_particula.nativecodeanalysis.xml
c:\users\daniela\documents\proyecto final\bin\computer graphics\intermediates\sistema.nativecodeanalysis.xml
c:\users\daniela\documents\proyecto final\bin\computer graphics\intermediates\scene_cube.nativecodeanalysis.xml
c:\users\daniela\documents\proyecto final\bin\computer graphics\intermediates\scene_fragment.nativecodeanalysis.xml
c:\users\daniela\documents\proyecto final\bin\computer graphics\intermediates\scene_vertex.nativecodeanalysis.xml
c:\users\daniela\documents\proyecto final\bin\computer graphics\intermediates\main.nativecodeanalysis.xml
c:\users\daniela\documents\proyecto final\bin\computer graphics\intermediates\scene_compatibility.nativecodeanalysis.xml
c:\users\daniela\documents\proyecto final\bin\computer graphics\intermediates\scene_manager.nativecodeanalysis.xml
c:\users\daniela\documents\proyecto final\bin\computer graphics\intermediates\scene_primitives.nativecodeanalysis.xml
c:\users\daniela\documents\proyecto final\bin\computer graphics\intermediates\vc141.pdb
c:\users\daniela\documents\proyecto final\bin\computer graphics\intermediates\nativecodeanalysis.read.1.tlog
c:\users\daniela\documents\proyecto final\bin\computer graphics\intermediates\vc.nativecodeanalysis.all.xml
c:\users\daniela\documents\proyecto final\bin\computer graphics\computer graphics.exe.lastcodeanalysissucceeded
c:\users\daniela\documents\proyecto final\bin\computer graphics\intermediates\computer.12d34d53.tlog\cl.command.1.tlog
c:\users\daniela\documents\proyecto final\bin\computer graphics\intermediates\computer.12d34d53.tlog\cl.read.1.tlog
c:\users\daniela\documents\proyecto final\bin\computer graphics\intermediates\computer.12d34d53.tlog\cl.write.1.tlog
